<?xml version="1.0" encoding="UTF-8"?>
<!-- Generated by org.testng.reporters.JUnitReportReporter -->
<testsuite skipped="0" hostname="AMILTPBLR364" name="testpackage.Day3" tests="3" failures="0" timestamp="08 May 2018 14:11:49 GMT" time="0.005" errors="0">
  <testcase name="MobilelogoutCarloan" time="0.002" classname="testpackage.Day3"/>
  <testcase name="MobileloginCarloan" time="0.002" classname="testpackage.Day3"/>
  <testcase name="WebloginCarloan" time="0.001" classname="testpackage.Day3"/>
</testsuite> <!-- testpackage.Day3 -->
