<?xml version="1.0" encoding="UTF-8"?>
<!-- Generated by org.testng.reporters.JUnitReportReporter -->
<testsuite skipped="0" hostname="AMILTPBLR364" name="testpackage.Day1" tests="2" failures="0" timestamp="08 May 2018 14:11:49 GMT" time="0.009" errors="0">
  <testcase name="test" time="0.007" classname="testpackage.Day1"/>
  <testcase name="test2" time="0.002" classname="testpackage.Day1"/>
</testsuite> <!-- testpackage.Day1 -->
